0 info it worked if it ends with ok
1 verbose cli [ '/Users/aakilfernandes/.nvm/versions/node/v4.0.0/bin/node',
1 verbose cli   '/Users/aakilfernandes/.nvm/versions/node/v4.0.0/bin/npm',
1 verbose cli   'version',
1 verbose cli   'minor' ]
2 info using npm@2.14.2
3 info using node@v4.0.0
4 info git [ 'status', '--porcelain' ]
5 verbose stack Error: Git working directory not clean.
5 verbose stack M .DS_Store
5 verbose stack M readme.md
5 verbose stack M tasks/solc.js
5 verbose stack     at /Users/aakilfernandes/.nvm/versions/node/v4.0.0/lib/node_modules/npm/lib/version.js:171:21
5 verbose stack     at ChildProcess.exithandler (child_process.js:194:7)
5 verbose stack     at emitTwo (events.js:87:13)
5 verbose stack     at ChildProcess.emit (events.js:172:7)
5 verbose stack     at maybeClose (internal/child_process.js:817:16)
5 verbose stack     at Socket.<anonymous> (internal/child_process.js:319:11)
5 verbose stack     at emitOne (events.js:77:13)
5 verbose stack     at Socket.emit (events.js:169:7)
5 verbose stack     at Pipe._onclose (net.js:469:12)
6 verbose cwd /Users/aakilfernandes/projects/safemarket/grunt-solc
7 error Darwin 14.5.0
8 error argv "/Users/aakilfernandes/.nvm/versions/node/v4.0.0/bin/node" "/Users/aakilfernandes/.nvm/versions/node/v4.0.0/bin/npm" "version" "minor"
9 error node v4.0.0
10 error npm  v2.14.2
11 error Git working directory not clean.
11 error M .DS_Store
11 error M readme.md
11 error M tasks/solc.js
12 error If you need help, you may report this error at:
12 error     <https://github.com/npm/npm/issues>
13 verbose exit [ 1, true ]
